<?xml version="1.0" encoding="UTF-8"?>
<!-- Generated by org.testng.reporters.JUnitXMLReporter -->
<testsuite hostname="krishnas-Air" ignored="1" name="Command line test" tests="7" failures="0" timestamp="20 Jun 2019 04:22:52 GMT" time="168.693" errors="0">
  <testcase name="verifyContactTest" time="0.123" classname="com.crm.qa.testcases.ContactsPageTest"/>
  <testcase name="verifyHomePage" time="1.236" classname="com.crm.qa.testcases.HomePageTest"/>
  <testcase name="loginPageTileTest" time="0.012" classname="com.crm.qa.testcases.LoginPageTest"/>
  <testcase name="verifyNewContactPageTest" time="1.071" classname="com.crm.qa.testcases.ContactsPageTest"/>
  <testcase name="loginTest" time="0.497" classname="com.crm.qa.testcases.LoginPageTest"/>
  <testcase name="verifyNewContactTest" time="3.324" classname="com.crm.qa.testcases.ContactsPageTest"/>
  <testcase name="verifyNewContactTest" time="3.679" classname="com.crm.qa.testcases.ContactsPageTest"/>
  <testcase name="verifyContactPage" time="0.0" classname="com.crm.qa.testcases.HomePageTest">
    <ignored/>
  </testcase> <!-- verifyContactPage -->
</testsuite> <!-- Command line test -->
