<?xml version="1.0" encoding="UTF-8" ?>
<testsuite tests="7" failures="0" name="TestSuite" time="9.943" errors="0" skipped="0">
  <properties>
[...]
</properties>
  <testcase classname="com.crm.qa.testcases.ContactsPageTest" name="verifyContactTest" time="0.128"/>
  <testcase classname="com.crm.qa.testcases.HomePageTest" name="verifyHomePage" time="1.235"/>
  <testcase classname="com.crm.qa.testcases.LoginPageTest" name="loginPageTileTest" time="0.012"/>
  <testcase classname="com.crm.qa.testcases.ContactsPageTest" name="verifyNewContactPageTest" time="1.071"/>
  <testcase classname="com.crm.qa.testcases.LoginPageTest" name="loginTest" time="0.497"/>
  <testcase classname="com.crm.qa.testcases.ContactsPageTest" name="verifyNewContactTest" time="3.322"/>
  <testcase classname="com.crm.qa.testcases.ContactsPageTest" name="verifyNewContactTest" time="3.678"/>
</testsuite>